2025-05-22 05:40:02.649 [info] Extension host with pid 134960 started
2025-05-22 05:40:02.649 [error] Error: EEXIST: file already exists, open '/home/ubuntu/.local/share/code-server/User/workspaceStorage/-553aabd6/vscode.lock'
2025-05-22 05:40:02.649 [info] Lock '/home/ubuntu/.local/share/code-server/User/workspaceStorage/-553aabd6/vscode.lock': Could not acquire lock, checking if the file is stale.
2025-05-22 05:40:02.652 [info] Lock '/home/ubuntu/.local/share/code-server/User/workspaceStorage/-553aabd6/vscode.lock': The lock does not look stale, elapsed: 333 ms, giving up.
2025-05-22 05:40:02.657 [error] Error: EEXIST: file already exists, open '/home/ubuntu/.local/share/code-server/User/workspaceStorage/-553aabd6-1/vscode.lock'
2025-05-22 05:40:02.657 [info] Lock '/home/ubuntu/.local/share/code-server/User/workspaceStorage/-553aabd6-1/vscode.lock': Could not acquire lock, checking if the file is stale.
2025-05-22 05:40:02.658 [info] Lock '/home/ubuntu/.local/share/code-server/User/workspaceStorage/-553aabd6-1/vscode.lock': The lock does not look stale, elapsed: 620 ms, giving up.
2025-05-22 05:40:02.660 [info] Lock '/home/ubuntu/.local/share/code-server/User/workspaceStorage/-553aabd6-2/vscode.lock': Lock acquired.
2025-05-22 05:40:02.989 [info] ExtensionService#_doActivateExtension vscode.configuration-editing, startup: false, activationEvent: 'onLanguage:jsonc'
2025-05-22 05:40:02.990 [info] ExtensionService#_doActivateExtension vscode.json-language-features, startup: false, activationEvent: 'onLanguage:jsonc'
2025-05-22 05:40:02.991 [info] ExtensionService#_doActivateExtension vscode.typescript-language-features, startup: false, activationEvent: 'onLanguage:jsonc'
2025-05-22 05:40:02.991 [info] ExtensionService#_doActivateExtension vscode.emmet, startup: false, activationEvent: 'onLanguage'
2025-05-22 05:40:03.931 [info] ExtensionService#_doActivateExtension vscode.git-base, startup: true, activationEvent: '*', root cause: vscode.git
2025-05-22 05:40:04.370 [info] ExtensionService#_doActivateExtension vscode.git, startup: true, activationEvent: '*'
2025-05-22 05:40:04.371 [info] ExtensionService#_doActivateExtension vscode.github, startup: true, activationEvent: '*'
2025-05-22 05:40:04.787 [info] Eager extensions activated
2025-05-22 05:40:04.788 [info] ExtensionService#_doActivateExtension vscode.debug-auto-launch, startup: false, activationEvent: 'onStartupFinished'
2025-05-22 05:40:04.788 [info] ExtensionService#_doActivateExtension vscode.merge-conflict, startup: false, activationEvent: 'onStartupFinished'
2025-05-22 05:40:05.658 [info] ExtensionService#_doActivateExtension vscode.github-authentication, startup: false, activationEvent: 'onAuthenticationRequest:github'
2025-05-22 05:48:06.068 [warning] [Decorations] CAPPING events from decorations provider vscode.git 10000
2025-05-22 05:48:07.595 [warning] [Decorations] CAPPING events from decorations provider vscode.git 10000
2025-05-22 05:50:03.491 [info] ExtensionService#_doActivateExtension vscode.npm, startup: false, activationEvent: 'onTerminalQuickFixRequest:ms-vscode.npm-command'
2025-05-22 05:50:10.381 [info] ExtensionService#_doActivateExtension vscode.extension-editing, startup: false, activationEvent: 'onLanguage:json'
2025-05-22 05:51:11.117 [warning] [Decorations] CAPPING events from decorations provider vscode.git 10000
2025-05-22 06:12:34.239 [error] Error: read ETIMEDOUT
	at TCP.onStreamRead (node:internal/stream_base_commons:218:20)
