2025-05-20 13:06:52.927 [info] [main] Log level: Info
2025-05-20 13:06:52.927 [info] [main] Validating found git in: "git"
2025-05-20 13:06:52.927 [info] [main] Using git "2.34.1" from "git"
2025-05-20 13:06:52.927 [info] [Model][doInitialScan] Initial repository scan started
2025-05-20 13:06:52.927 [info] > git rev-parse --show-toplevel [1ms]
2025-05-20 13:06:52.927 [info] fatal: not a git repository (or any of the parent directories): .git
2025-05-20 13:06:52.927 [info] > git rev-parse --show-toplevel [1ms]
2025-05-20 13:06:52.927 [info] fatal: not a git repository (or any of the parent directories): .git
2025-05-20 13:06:52.927 [info] > git rev-parse --show-toplevel [1ms]
2025-05-20 13:06:52.927 [info] fatal: not a git repository (or any of the parent directories): .git
2025-05-20 13:06:52.927 [info] > git rev-parse --show-toplevel [1ms]
2025-05-20 13:06:52.927 [info] fatal: not a git repository (or any of the parent directories): .git
2025-05-20 13:06:52.927 [info] > git rev-parse --show-toplevel [0ms]
2025-05-20 13:06:52.927 [info] fatal: not a git repository (or any of the parent directories): .git
2025-05-20 13:06:52.927 [info] > git rev-parse --show-toplevel [1ms]
2025-05-20 13:06:52.927 [info] fatal: not a git repository (or any of the parent directories): .git
2025-05-20 13:06:52.927 [info] > git rev-parse --show-toplevel [1ms]
2025-05-20 13:06:52.927 [info] > git rev-parse --git-dir --git-common-dir [1ms]
2025-05-20 13:06:52.927 [info] [Model][openRepository] Opened repository (path): /home/ubuntu/.nvm
2025-05-20 13:06:52.927 [info] [Model][openRepository] Opened repository (real path): /home/ubuntu/.nvm
2025-05-20 13:06:52.927 [info] > git config --get commit.template [3ms]
2025-05-20 13:06:52.927 [info] > git rev-parse --show-toplevel [2ms]
2025-05-20 13:06:52.927 [info] fatal: not a git repository (or any of the parent directories): .git
2025-05-20 13:06:52.927 [info] > git for-each-ref --format %(refname)%00%(objectname)%00%(*objectname) refs/tags [4ms]
2025-05-20 13:06:52.927 [info] > git rev-parse --show-toplevel [9ms]
2025-05-20 13:06:52.927 [info] fatal: not a git repository (or any of the parent directories): .git
2025-05-20 13:06:52.927 [info] > git for-each-ref --sort -committerdate --format %(refname)%00%(objectname)%00%(*objectname) [6ms]
2025-05-20 13:06:52.927 [info] > git rev-parse --show-toplevel [2ms]
2025-05-20 13:06:52.927 [info] fatal: not a git repository (or any of the parent directories): .git
2025-05-20 13:06:52.927 [info] > git rev-parse --show-toplevel [1ms]
2025-05-20 13:06:52.927 [info] fatal: not a git repository (or any of the parent directories): .git
2025-05-20 13:06:52.927 [info] > git status -z -uall [19ms]
2025-05-20 13:06:52.927 [info] > git rev-parse --show-toplevel [21ms]
2025-05-20 13:06:52.927 [info] fatal: not a git repository (or any of the parent directories): .git
2025-05-20 13:06:52.927 [info] > git config --get commit.template [4ms]
2025-05-20 13:06:52.927 [info] > git rev-parse --show-toplevel [4ms]
2025-05-20 13:06:52.927 [info] fatal: not a git repository (or any of the parent directories): .git
2025-05-20 13:06:52.927 [info] > git for-each-ref --format %(refname)%00%(objectname)%00%(*objectname) refs/tags [3ms]
2025-05-20 13:06:52.927 [info] > git rev-parse --show-toplevel [6ms]
2025-05-20 13:06:52.927 [info] > git rev-parse --git-dir --git-common-dir [8ms]
2025-05-20 13:06:52.927 [info] [Model][openRepository] Opened repository (path): /home/ubuntu/school-system
2025-05-20 13:06:52.927 [info] [Model][openRepository] Opened repository (real path): /home/ubuntu/school-system
2025-05-20 13:06:52.927 [info] > git for-each-ref --sort -committerdate --format %(refname)%00%(objectname)%00%(*objectname) [16ms]
2025-05-20 13:06:52.927 [info] > git status -z -uall [26ms]
2025-05-20 13:06:52.927 [info] > git rev-parse --show-toplevel [4ms]
2025-05-20 13:06:52.927 [info] fatal: not a git repository (or any of the parent directories): .git
2025-05-20 13:06:52.927 [info] [Model][doInitialScan] Initial repository scan completed - repositories (2), closed repositories (0), parent repositories (0), unsafe repositories (0)
2025-05-20 13:06:52.927 [info] > git config --get commit.template [9ms]
2025-05-20 13:06:52.927 [info] [Git][getRemotes] No remotes found in the git config file
2025-05-20 13:06:52.927 [info] > git for-each-ref --format=%(refname)%00%(upstream:short)%00%(objectname)%00%(upstream:track)%00%(upstream:remotename)%00%(upstream:remoteref) refs/heads/master refs/remotes/master [1ms]
2025-05-20 13:06:52.927 [warning] [Git][getBranch] No such branch: master
2025-05-20 13:06:52.927 [info] > git status -z -uall [5ms]
2025-05-20 13:06:52.927 [info] > git for-each-ref --sort -committerdate --format %(refname)%00%(objectname)%00%(*objectname) [2ms]
2025-05-20 13:06:52.927 [info] > git for-each-ref --format=%(refname)%00%(upstream:short)%00%(objectname)%00%(upstream:track)%00%(upstream:remotename)%00%(upstream:remoteref) refs/heads/master refs/remotes/master [5ms]
2025-05-20 13:06:52.927 [warning] [Git][getBranch] No such branch: master
2025-05-20 13:06:52.927 [error] [GitHistoryProvider][resolveHEADMergeBase] Failed to resolve merge base for master: Error: No such branch: master.
2025-05-20 13:06:52.927 [info] > git config --get commit.template [1ms]
2025-05-20 13:06:52.927 [info] [Git][getRemotes] No remotes found in the git config file
2025-05-20 13:06:52.927 [info] > git for-each-ref --format=%(refname)%00%(upstream:short)%00%(objectname)%00%(upstream:track)%00%(upstream:remotename)%00%(upstream:remoteref) refs/heads/master refs/remotes/master [1ms]
2025-05-20 13:06:52.927 [warning] [Git][getBranch] No such branch: master
2025-05-20 13:06:52.927 [info] > git status -z -uall [3ms]
2025-05-20 13:06:52.927 [info] > git for-each-ref --sort -committerdate --format %(refname)%00%(objectname)%00%(*objectname) [1ms]
2025-05-20 13:06:53.356 [info] > git rev-parse --show-toplevel [1ms]
2025-05-20 13:06:53.494 [info] > git check-ignore -v -z --stdin [5ms]
2025-05-20 13:06:53.495 [info] > git check-ignore -v -z --stdin [3ms]
2025-05-20 13:07:05.633 [info] > git rev-parse --show-toplevel [2ms]
2025-05-20 13:07:05.633 [info] fatal: not a git repository (or any of the parent directories): .git
2025-05-20 13:07:09.395 [info] > git rev-parse --show-toplevel [1ms]
2025-05-20 13:07:09.395 [info] fatal: not a git repository (or any of the parent directories): .git
2025-05-20 13:07:12.455 [info] > git rev-parse --show-toplevel [1ms]
2025-05-20 13:07:12.455 [info] fatal: not a git repository (or any of the parent directories): .git
2025-05-20 13:07:56.909 [info] > git check-ignore -v -z --stdin [1ms]
2025-05-20 13:08:17.970 [info] > git rev-parse --show-toplevel [3ms]
2025-05-20 13:08:17.970 [info] fatal: not a git repository (or any of the parent directories): .git
2025-05-20 13:08:38.322 [info] > git rev-parse --show-toplevel [3ms]
2025-05-20 13:08:38.322 [info] fatal: not a git repository (or any of the parent directories): .git
2025-05-20 13:08:49.912 [info] > git rev-parse --show-toplevel [1ms]
2025-05-20 13:08:49.912 [info] fatal: not a git repository (or any of the parent directories): .git
2025-05-20 13:08:59.837 [info] > git check-ignore -v -z --stdin [1ms]
2025-05-20 13:11:19.769 [info] > git check-ignore -v -z --stdin [1ms]
2025-05-20 13:11:22.713 [info] > git check-ignore -v -z --stdin [1ms]
2025-05-20 13:11:32.678 [info] > git check-ignore -v -z --stdin [1ms]
2025-05-20 13:11:35.994 [info] > git check-ignore -v -z --stdin [1ms]
2025-05-20 13:11:37.858 [info] > git check-ignore -v -z --stdin [1ms]
2025-05-20 13:11:40.443 [info] > git check-ignore -v -z --stdin [1ms]
2025-05-20 13:12:39.327 [info] > git check-ignore -v -z --stdin [1ms]
2025-05-20 13:12:46.677 [info] > git check-ignore -v -z --stdin [1ms]
2025-05-20 13:12:48.125 [info] > git check-ignore -v -z --stdin [1ms]
2025-05-20 13:13:34.166 [info] > git check-ignore -v -z --stdin [1ms]
2025-05-20 13:13:58.597 [info] > git check-ignore -v -z --stdin [1ms]
