2025-05-22 05:55:29.555 [info] Reading sessions from keychain...
2025-05-22 05:55:29.555 [info] Getting sessions for all scopes...
2025-05-22 05:55:29.555 [info] Getting sessions for all scopes...
2025-05-22 05:55:29.555 [info] Got 0 sessions for ...
2025-05-22 05:55:29.555 [info] Got 0 sessions for ...
2025-05-22 05:55:29.804 [info] Getting sessions for read:user,repo,user:email,workflow...
2025-05-22 05:55:29.804 [info] Got 0 sessions for read:user,repo,user:email,workflow...
2025-05-22 06:03:30.046 [info] Getting sessions for read:user,repo,user:email,workflow...
2025-05-22 06:03:30.046 [info] Got 0 sessions for read:user,repo,user:email,workflow...
2025-05-22 06:07:49.766 [info] Getting sessions for read:user,repo,user:email,workflow...
2025-05-22 06:07:49.766 [info] Got 0 sessions for read:user,repo,user:email,workflow...
2025-05-22 06:07:53.990 [info] Logging in with 'any' account...
2025-05-22 06:07:53.990 [info] Logging in for the following scopes: read:user repo user:email workflow
2025-05-22 06:07:54.539 [info] Trying device code flow... (read:user repo user:email workflow)
2025-05-22 06:09:04.979 [info] Getting user info...
2025-05-22 06:09:05.458 [info] Got account info!
2025-05-22 06:09:05.458 [info] Storing 1 sessions...
2025-05-22 06:09:05.714 [info] Reading sessions from keychain...
2025-05-22 06:09:05.714 [info] Stored 1 sessions!
2025-05-22 06:09:05.715 [info] Login success!
2025-05-22 06:09:05.967 [info] Got stored sessions!
2025-05-22 06:09:06.034 [info] Got 1 verified sessions.
2025-05-22 06:09:06.509 [info] Getting sessions for read:user,repo,user:email,workflow...
2025-05-22 06:09:06.509 [info] Got 1 sessions for read:user,repo,user:email,workflow...
2025-05-22 06:09:15.277 [info] Getting sessions for read:user,repo,user:email,workflow...
2025-05-22 06:09:15.278 [info] Got 1 sessions for read:user,repo,user:email,workflow...
