2025-05-22 06:28:20.435 [info] Extension host with pid 154442 started
2025-05-22 06:28:20.438 [info] Lock '/home/ubuntu/.local/share/code-server/User/workspaceStorage/-553aabd6/vscode.lock': Lock acquired.
2025-05-22 06:28:20.817 [info] ExtensionService#_doActivateExtension vscode.git-base, startup: false, activationEvent: 'onLanguage:git-commit'
2025-05-22 06:28:20.818 [info] ExtensionService#_doActivateExtension vscode.emmet, startup: false, activationEvent: 'onLanguage'
2025-05-22 06:28:20.818 [info] ExtensionService#_doActivateExtension vscode.configuration-editing, startup: false, activationEvent: 'onLanguage:jsonc'
2025-05-22 06:28:20.819 [info] ExtensionService#_doActivateExtension vscode.json-language-features, startup: false, activationEvent: 'onLanguage:jsonc'
2025-05-22 06:28:20.819 [info] ExtensionService#_doActivateExtension vscode.typescript-language-features, startup: false, activationEvent: 'onLanguage:jsonc'
2025-05-22 06:28:21.821 [info] ExtensionService#_doActivateExtension vscode.git, startup: true, activationEvent: '*'
2025-05-22 06:28:21.821 [info] ExtensionService#_doActivateExtension vscode.github, startup: true, activationEvent: '*'
2025-05-22 06:28:22.375 [info] Eager extensions activated
2025-05-22 06:28:22.375 [info] ExtensionService#_doActivateExtension vscode.debug-auto-launch, startup: false, activationEvent: 'onStartupFinished'
2025-05-22 06:28:22.376 [info] ExtensionService#_doActivateExtension vscode.merge-conflict, startup: false, activationEvent: 'onStartupFinished'
2025-05-22 06:28:23.070 [warning] [Decorations] CAPPING events from decorations provider vscode.git 10000
2025-05-22 06:28:24.422 [info] ExtensionService#_doActivateExtension vscode.github-authentication, startup: false, activationEvent: 'onAuthenticationRequest:github'
2025-05-22 06:29:07.470 [info] ExtensionService#_doActivateExtension vscode.npm, startup: false, activationEvent: 'onTerminalQuickFixRequest:ms-vscode.npm-command'
2025-05-22 06:29:14.378 [info] ExtensionService#_doActivateExtension vscode.extension-editing, startup: false, activationEvent: 'onLanguage:json'
2025-05-22 06:30:46.336 [warning] [Decorations] CAPPING events from decorations provider vscode.git 10004
2025-05-22 06:30:48.680 [warning] [Decorations] CAPPING events from decorations provider vscode.git 10000
2025-05-22 06:31:21.509 [warning] [Decorations] CAPPING events from decorations provider vscode.git 10000
2025-05-22 06:31:23.327 [warning] [Decorations] CAPPING events from decorations provider vscode.git 10000
2025-05-22 06:32:14.428 [warning] [Decorations] CAPPING events from decorations provider vscode.git 10000
2025-05-22 06:41:34.122 [info] ExtensionService#_doActivateExtension vscode.markdown-language-features, startup: false, activationEvent: 'onLanguage:markdown'
2025-05-22 06:41:36.601 [info] ExtensionService#_doActivateExtension vscode.markdown-math, startup: false, activationEvent: 'api', root cause: vscode.markdown-language-features
