2025-05-22 06:28:29.977 [info] Reading sessions from keychain...
2025-05-22 06:28:29.978 [info] Getting sessions for all scopes...
2025-05-22 06:28:29.978 [info] Getting sessions for all scopes...
2025-05-22 06:28:29.978 [info] Got stored sessions!
2025-05-22 06:28:29.978 [info] Got 1 verified sessions.
2025-05-22 06:28:29.978 [info] Got 1 sessions for ...
2025-05-22 06:28:29.978 [info] Got 1 sessions for ...
2025-05-22 06:28:30.516 [info] Getting sessions for read:user,repo,user:email,workflow...
2025-05-22 06:28:30.517 [info] Got 1 sessions for read:user,repo,user:email,workflow...
2025-05-22 06:28:31.950 [info] Getting sessions for read:user,repo,user:email,workflow...
2025-05-22 06:28:31.950 [info] Got 1 sessions for read:user,repo,user:email,workflow...
2025-05-22 06:31:20.517 [info] Getting sessions for read:user,repo,user:email,workflow...
2025-05-22 06:31:20.517 [info] Got 1 sessions for read:user,repo,user:email,workflow...
2025-05-22 06:32:26.123 [info] Getting sessions for read:user,repo,user:email,workflow...
2025-05-22 06:32:26.124 [info] Got 1 sessions for read:user,repo,user:email,workflow...
2025-05-22 06:32:41.949 [info] Getting sessions for read:user,repo,user:email,workflow...
2025-05-22 06:32:41.949 [info] Got 1 sessions for read:user,repo,user:email,workflow...
2025-05-22 06:34:22.753 [info] Getting sessions for read:user,repo,user:email,workflow...
2025-05-22 06:34:22.753 [info] Got 1 sessions for read:user,repo,user:email,workflow...
2025-05-22 06:35:59.855 [info] Getting sessions for read:user,repo,user:email,workflow...
2025-05-22 06:35:59.855 [info] Got 1 sessions for read:user,repo,user:email,workflow...
2025-05-22 06:41:07.807 [info] Getting sessions for read:user,repo,user:email,workflow...
2025-05-22 06:41:07.807 [info] Got 1 sessions for read:user,repo,user:email,workflow...
2025-05-22 06:41:49.616 [info] Getting sessions for read:user,repo,user:email,workflow...
2025-05-22 06:41:49.616 [info] Got 1 sessions for read:user,repo,user:email,workflow...
2025-05-22 06:42:04.415 [info] Getting sessions for read:user,repo,user:email,workflow...
2025-05-22 06:42:04.415 [info] Got 1 sessions for read:user,repo,user:email,workflow...
2025-05-22 06:42:20.634 [info] Getting sessions for read:user,repo,user:email,workflow...
2025-05-22 06:42:20.635 [info] Got 1 sessions for read:user,repo,user:email,workflow...
