2025-05-22 06:12:39.814 [info] Extension host with pid 145210 started
2025-05-22 06:12:39.814 [error] Error: EEXIST: file already exists, open '/home/ubuntu/.local/share/code-server/User/workspaceStorage/-553aabd6/vscode.lock'
2025-05-22 06:12:39.814 [info] Lock '/home/ubuntu/.local/share/code-server/User/workspaceStorage/-553aabd6/vscode.lock': Could not acquire lock, checking if the file is stale.
2025-05-22 06:12:39.818 [info] Lock '/home/ubuntu/.local/share/code-server/User/workspaceStorage/-553aabd6/vscode.lock': The lock does not look stale, elapsed: 19 ms, giving up.
2025-05-22 06:12:39.824 [error] Error: EEXIST: file already exists, open '/home/ubuntu/.local/share/code-server/User/workspaceStorage/-553aabd6-1/vscode.lock'
2025-05-22 06:12:39.824 [info] Lock '/home/ubuntu/.local/share/code-server/User/workspaceStorage/-553aabd6-1/vscode.lock': Could not acquire lock, checking if the file is stale.
2025-05-22 06:12:39.825 [info] Lock '/home/ubuntu/.local/share/code-server/User/workspaceStorage/-553aabd6-1/vscode.lock': The lock does not look stale, elapsed: 48 ms, giving up.
2025-05-22 06:12:39.825 [error] Error: EEXIST: file already exists, open '/home/ubuntu/.local/share/code-server/User/workspaceStorage/-553aabd6-2/vscode.lock'
2025-05-22 06:12:39.825 [info] Lock '/home/ubuntu/.local/share/code-server/User/workspaceStorage/-553aabd6-2/vscode.lock': Could not acquire lock, checking if the file is stale.
2025-05-22 06:12:39.826 [info] Lock '/home/ubuntu/.local/share/code-server/User/workspaceStorage/-553aabd6-2/vscode.lock': The lock does not look stale, elapsed: 966 ms, giving up.
2025-05-22 06:12:39.829 [info] Lock '/home/ubuntu/.local/share/code-server/User/workspaceStorage/-553aabd6-3/vscode.lock': Lock acquired.
2025-05-22 06:12:40.425 [info] ExtensionService#_doActivateExtension vscode.git-base, startup: true, activationEvent: '*', root cause: vscode.git
2025-05-22 06:12:40.675 [info] ExtensionService#_doActivateExtension vscode.configuration-editing, startup: false, activationEvent: 'onLanguage:jsonc'
2025-05-22 06:12:40.676 [info] ExtensionService#_doActivateExtension vscode.json-language-features, startup: false, activationEvent: 'onLanguage:jsonc'
2025-05-22 06:12:40.676 [info] ExtensionService#_doActivateExtension vscode.typescript-language-features, startup: false, activationEvent: 'onLanguage:jsonc'
2025-05-22 06:12:40.677 [info] ExtensionService#_doActivateExtension vscode.emmet, startup: false, activationEvent: 'onLanguage'
2025-05-22 06:12:40.978 [info] ExtensionService#_doActivateExtension vscode.git, startup: true, activationEvent: '*'
2025-05-22 06:12:40.979 [info] ExtensionService#_doActivateExtension vscode.github, startup: true, activationEvent: '*'
2025-05-22 06:12:41.775 [info] Eager extensions activated
2025-05-22 06:12:41.776 [info] ExtensionService#_doActivateExtension vscode.debug-auto-launch, startup: false, activationEvent: 'onStartupFinished'
2025-05-22 06:12:41.776 [info] ExtensionService#_doActivateExtension vscode.merge-conflict, startup: false, activationEvent: 'onStartupFinished'
2025-05-22 06:12:42.446 [warning] [Decorations] CAPPING events from decorations provider vscode.git 10000
2025-05-22 06:12:43.993 [info] ExtensionService#_doActivateExtension vscode.github-authentication, startup: false, activationEvent: 'onAuthenticationRequest:github'
2025-05-22 06:13:35.294 [warning] [Decorations] CAPPING events from decorations provider vscode.git 10004
2025-05-22 06:14:04.102 [info] ExtensionService#_doActivateExtension vscode.npm, startup: false, activationEvent: 'onTerminalQuickFixRequest:ms-vscode.npm-command'
2025-05-22 06:14:11.035 [info] ExtensionService#_doActivateExtension vscode.extension-editing, startup: false, activationEvent: 'onLanguage:json'
2025-05-22 06:15:42.534 [warning] [Decorations] CAPPING events from decorations provider vscode.git 10000
2025-05-22 06:17:32.518 [warning] [Decorations] CAPPING events from decorations provider vscode.git 10001
2025-05-22 06:18:51.764 [warning] [Decorations] CAPPING events from decorations provider vscode.git 10000
2025-05-22 06:19:12.205 [warning] [Decorations] CAPPING events from decorations provider vscode.git 10000
2025-05-22 06:20:52.855 [warning] [Decorations] CAPPING events from decorations provider vscode.git 10000
2025-05-22 06:21:06.634 [warning] [Decorations] CAPPING events from decorations provider vscode.git 10000
2025-05-22 06:21:52.498 [warning] [Decorations] CAPPING events from decorations provider vscode.git 10000
2025-05-22 06:21:54.189 [warning] [Decorations] CAPPING events from decorations provider vscode.git 10000
2025-05-22 06:24:32.042 [warning] [Decorations] CAPPING events from decorations provider vscode.git 10001
2025-05-22 06:24:58.734 [warning] [Decorations] CAPPING events from decorations provider vscode.git 10000
2025-05-22 06:28:59.487 [warning] [Decorations] CAPPING events from decorations provider vscode.git 10007
2025-05-22 06:31:59.978 [warning] [Decorations] CAPPING events from decorations provider vscode.git 10001
