2025-05-18 14:55:07.473 [info] Extension host with pid 19438 started
2025-05-18 14:55:07.473 [error] Error: EEXIST: file already exists, open '/home/ubuntu/.local/share/code-server/User/workspaceStorage/13ec09d4/vscode.lock'
2025-05-18 14:55:07.473 [info] Lock '/home/ubuntu/.local/share/code-server/User/workspaceStorage/13ec09d4/vscode.lock': Could not acquire lock, checking if the file is stale.
2025-05-18 14:55:07.476 [info] Lock '/home/ubuntu/.local/share/code-server/User/workspaceStorage/13ec09d4/vscode.lock': The lock does not look stale, elapsed: 756 ms, giving up.
2025-05-18 14:55:07.481 [error] Error: EEXIST: file already exists, open '/home/ubuntu/.local/share/code-server/User/workspaceStorage/13ec09d4-1/vscode.lock'
2025-05-18 14:55:07.482 [info] Lock '/home/ubuntu/.local/share/code-server/User/workspaceStorage/13ec09d4-1/vscode.lock': Could not acquire lock, checking if the file is stale.
2025-05-18 14:55:07.482 [info] Lock '/home/ubuntu/.local/share/code-server/User/workspaceStorage/13ec09d4-1/vscode.lock': The lock does not look stale, elapsed: 857 ms, giving up.
2025-05-18 14:55:07.484 [info] Lock '/home/ubuntu/.local/share/code-server/User/workspaceStorage/13ec09d4-2/vscode.lock': Lock acquired.
2025-05-18 14:55:07.988 [info] ExtensionService#_doActivateExtension vscode.git-base, startup: true, activationEvent: '*', root cause: vscode.git
2025-05-18 14:55:08.509 [info] ExtensionService#_doActivateExtension vscode.git, startup: true, activationEvent: '*'
2025-05-18 14:55:08.509 [info] ExtensionService#_doActivateExtension vscode.github, startup: true, activationEvent: '*'
2025-05-18 14:55:08.917 [info] ExtensionService#_doActivateExtension vscode.configuration-editing, startup: false, activationEvent: 'onLanguage:jsonc'
2025-05-18 14:55:08.918 [info] ExtensionService#_doActivateExtension vscode.json-language-features, startup: false, activationEvent: 'onLanguage:jsonc'
2025-05-18 14:55:08.919 [info] ExtensionService#_doActivateExtension vscode.typescript-language-features, startup: false, activationEvent: 'onLanguage:jsonc'
2025-05-18 14:55:08.919 [info] ExtensionService#_doActivateExtension vscode.emmet, startup: false, activationEvent: 'onLanguage'
2025-05-18 14:55:09.160 [info] Eager extensions activated
2025-05-18 14:55:09.160 [info] ExtensionService#_doActivateExtension vscode.debug-auto-launch, startup: false, activationEvent: 'onStartupFinished'
2025-05-18 14:55:09.160 [info] ExtensionService#_doActivateExtension vscode.merge-conflict, startup: false, activationEvent: 'onStartupFinished'
2025-05-18 14:55:12.118 [info] ExtensionService#_doActivateExtension vscode.github-authentication, startup: false, activationEvent: 'onAuthenticationRequest:github'
2025-05-18 14:56:58.556 [info] Extension host terminating: received terminate message from renderer
2025-05-18 14:56:58.557 [info] Lock '/home/ubuntu/.local/share/code-server/User/workspaceStorage/13ec09d4-2/vscode.lock': Marking the lockfile as scheduled to be released in 6000 ms.
2025-05-18 14:56:58.623 [info] Extension host with pid 19438 exiting with code 0
