2025-05-18 14:37:48.797 [info] Extension host with pid 10376 started
2025-05-18 14:37:48.797 [error] Error: EEXIST: file already exists, open '/home/ubuntu/.local/share/code-server/User/workspaceStorage/13ec09d4/vscode.lock'
2025-05-18 14:37:48.797 [info] Lock '/home/ubuntu/.local/share/code-server/User/workspaceStorage/13ec09d4/vscode.lock': Could not acquire lock, checking if the file is stale.
2025-05-18 14:37:48.800 [info] Lock '/home/ubuntu/.local/share/code-server/User/workspaceStorage/13ec09d4/vscode.lock': The lock does not look stale, elapsed: 447 ms, giving up.
2025-05-18 14:37:48.807 [info] Lock '/home/ubuntu/.local/share/code-server/User/workspaceStorage/13ec09d4-1/vscode.lock': Lock acquired.
2025-05-18 14:37:49.195 [info] ExtensionService#_doActivateExtension vscode.configuration-editing, startup: false, activationEvent: 'onLanguage:jsonc'
2025-05-18 14:37:49.196 [info] ExtensionService#_doActivateExtension vscode.json-language-features, startup: false, activationEvent: 'onLanguage:jsonc'
2025-05-18 14:37:49.196 [info] ExtensionService#_doActivateExtension vscode.typescript-language-features, startup: false, activationEvent: 'onLanguage:jsonc'
2025-05-18 14:37:49.196 [info] ExtensionService#_doActivateExtension vscode.emmet, startup: false, activationEvent: 'onLanguage'
2025-05-18 14:37:50.215 [info] ExtensionService#_doActivateExtension vscode.git-base, startup: true, activationEvent: '*', root cause: vscode.git
2025-05-18 14:37:50.566 [info] ExtensionService#_doActivateExtension vscode.git, startup: true, activationEvent: '*'
2025-05-18 14:37:50.567 [info] ExtensionService#_doActivateExtension vscode.github, startup: true, activationEvent: '*'
2025-05-18 14:37:50.952 [info] Eager extensions activated
2025-05-18 14:37:50.952 [info] ExtensionService#_doActivateExtension vscode.debug-auto-launch, startup: false, activationEvent: 'onStartupFinished'
2025-05-18 14:37:50.953 [info] ExtensionService#_doActivateExtension vscode.merge-conflict, startup: false, activationEvent: 'onStartupFinished'
2025-05-18 14:37:51.462 [info] ExtensionService#_doActivateExtension vscode.github-authentication, startup: false, activationEvent: 'onAuthenticationRequest:github'
2025-05-18 14:39:08.491 [info] ExtensionService#_doActivateExtension vscode.extension-editing, startup: false, activationEvent: 'onLanguage:markdown'
2025-05-18 14:39:08.491 [info] ExtensionService#_doActivateExtension vscode.markdown-language-features, startup: false, activationEvent: 'onLanguage:markdown'
2025-05-18 14:39:11.225 [info] ExtensionService#_doActivateExtension vscode.markdown-math, startup: false, activationEvent: 'api', root cause: vscode.markdown-language-features
2025-05-18 14:40:10.404 [info] ExtensionService#_doActivateExtension vscode.media-preview, startup: false, activationEvent: 'onCustomEditor:imagePreview.previewEditor'
2025-05-18 15:08:41.056 [error] Error: read ETIMEDOUT
	at TCP.onStreamRead (node:internal/stream_base_commons:218:20)
2025-05-20 05:39:00.805 [info] Extension host terminating: renderer disconnected for too long (2)
2025-05-20 05:39:00.806 [info] Lock '/home/ubuntu/.local/share/code-server/User/workspaceStorage/13ec09d4-1/vscode.lock': Marking the lockfile as scheduled to be released in 6000 ms.
2025-05-20 05:39:00.856 [error] ProxyResolver#resolveProxy undefined Canceled: Canceled
	at al (file:///usr/lib/code-server/lib/vscode/out/vs/workbench/api/node/extensionHostProcess.js:7:1218)
	at file:///usr/lib/code-server/lib/vscode/out/vs/workbench/api/node/extensionHostProcess.js:29:117068
	at Array.forEach (<anonymous>)
	at f5.dispose (file:///usr/lib/code-server/lib/vscode/out/vs/workbench/api/node/extensionHostProcess.js:29:117008)
	at TJ.terminate (file:///usr/lib/code-server/lib/vscode/out/vs/workbench/api/node/extensionHostProcess.js:123:10082)
	at v2.terminate (file:///usr/lib/code-server/lib/vscode/out/vs/workbench/api/node/extensionHostProcess.js:124:1434)
	at hs (file:///usr/lib/code-server/lib/vscode/out/vs/workbench/api/node/extensionHostProcess.js:225:5703)
	at mx.a (file:///usr/lib/code-server/lib/vscode/out/vs/workbench/api/node/extensionHostProcess.js:225:2614)
	at mx.h (file:///usr/lib/code-server/lib/vscode/out/vs/workbench/api/node/extensionHostProcess.js:28:75572)
	at listOnTimeout (node:internal/timers:581:17)
	at process.processTimers (node:internal/timers:519:7) 
2025-05-20 05:39:00.934 [info] Extension host with pid 10376 exiting with code 0
