2025-05-22 06:45:13.449 [info] Reading sessions from keychain...
2025-05-22 06:45:13.449 [info] Getting sessions for all scopes...
2025-05-22 06:45:13.449 [info] Getting sessions for all scopes...
2025-05-22 06:45:13.449 [info] Got stored sessions!
2025-05-22 06:45:13.449 [info] Got 1 verified sessions.
2025-05-22 06:45:13.449 [info] Got 1 sessions for ...
2025-05-22 06:45:13.449 [info] Got 1 sessions for ...
2025-05-22 06:45:13.733 [info] Getting sessions for read:user,repo,user:email,workflow...
2025-05-22 06:45:13.733 [info] Got 1 sessions for read:user,repo,user:email,workflow...
2025-05-22 06:45:15.045 [info] Getting sessions for read:user,repo,user:email,workflow...
2025-05-22 06:45:15.045 [info] Got 1 sessions for read:user,repo,user:email,workflow...
2025-05-22 06:45:32.454 [info] Getting sessions for read:user,repo,user:email,workflow...
2025-05-22 06:45:32.454 [info] Got 1 sessions for read:user,repo,user:email,workflow...
2025-05-22 06:45:33.693 [info] Getting sessions for read:user,repo,user:email,workflow...
2025-05-22 06:45:33.693 [info] Got 1 sessions for read:user,repo,user:email,workflow...
2025-05-22 06:51:38.043 [info] Getting sessions for read:user,repo,user:email,workflow...
2025-05-22 06:51:38.043 [info] Got 1 sessions for read:user,repo,user:email,workflow...
2025-05-22 06:52:34.811 [info] Getting sessions for read:user,repo,user:email,workflow...
2025-05-22 06:52:34.811 [info] Got 1 sessions for read:user,repo,user:email,workflow...
2025-05-22 06:53:09.527 [info] Getting sessions for read:user,repo,user:email,workflow...
2025-05-22 06:53:09.528 [info] Got 1 sessions for read:user,repo,user:email,workflow...
