2025-05-22 04:24:10.573 [info] Extension host with pid 131172 started
2025-05-22 04:24:10.576 [info] Lock '/home/ubuntu/.local/share/code-server/User/workspaceStorage/-553aabd6/vscode.lock': Lock acquired.
2025-05-22 04:24:10.922 [info] ExtensionService#_doActivateExtension vscode.emmet, startup: false, activationEvent: 'onLanguage'
2025-05-22 04:24:10.923 [info] ExtensionService#_doActivateExtension vscode.configuration-editing, startup: false, activationEvent: 'onLanguage:jsonc'
2025-05-22 04:24:10.923 [info] ExtensionService#_doActivateExtension vscode.json-language-features, startup: false, activationEvent: 'onLanguage:jsonc'
2025-05-22 04:24:10.923 [info] ExtensionService#_doActivateExtension vscode.typescript-language-features, startup: false, activationEvent: 'onLanguage:jsonc'
2025-05-22 04:24:11.925 [info] ExtensionService#_doActivateExtension vscode.git-base, startup: true, activationEvent: '*', root cause: vscode.git
2025-05-22 04:24:12.158 [info] ExtensionService#_doActivateExtension vscode.git, startup: true, activationEvent: '*'
2025-05-22 04:24:12.158 [info] ExtensionService#_doActivateExtension vscode.github, startup: true, activationEvent: '*'
2025-05-22 04:24:12.588 [info] Eager extensions activated
2025-05-22 04:24:12.589 [info] ExtensionService#_doActivateExtension vscode.debug-auto-launch, startup: false, activationEvent: 'onStartupFinished'
2025-05-22 04:24:12.589 [info] ExtensionService#_doActivateExtension vscode.merge-conflict, startup: false, activationEvent: 'onStartupFinished'
2025-05-22 04:24:13.234 [info] ExtensionService#_doActivateExtension vscode.github-authentication, startup: false, activationEvent: 'onAuthenticationRequest:github'
2025-05-22 05:55:23.835 [error] Error: read ETIMEDOUT
	at TCP.onStreamRead (node:internal/stream_base_commons:218:20)
2025-05-22 06:17:27.152 [info] Extension host terminating: renderer disconnected for too long (2)
2025-05-22 06:17:27.153 [info] Lock '/home/ubuntu/.local/share/code-server/User/workspaceStorage/-553aabd6/vscode.lock': Marking the lockfile as scheduled to be released in 6000 ms.
2025-05-22 06:17:27.207 [error] ProxyResolver#resolveProxy undefined Canceled: Canceled
	at al (file:///usr/lib/code-server/lib/vscode/out/vs/workbench/api/node/extensionHostProcess.js:7:1218)
	at file:///usr/lib/code-server/lib/vscode/out/vs/workbench/api/node/extensionHostProcess.js:29:117068
	at Array.forEach (<anonymous>)
	at f5.dispose (file:///usr/lib/code-server/lib/vscode/out/vs/workbench/api/node/extensionHostProcess.js:29:117008)
	at TJ.terminate (file:///usr/lib/code-server/lib/vscode/out/vs/workbench/api/node/extensionHostProcess.js:123:10082)
	at v2.terminate (file:///usr/lib/code-server/lib/vscode/out/vs/workbench/api/node/extensionHostProcess.js:124:1434)
	at hs (file:///usr/lib/code-server/lib/vscode/out/vs/workbench/api/node/extensionHostProcess.js:225:5703)
	at mx.a (file:///usr/lib/code-server/lib/vscode/out/vs/workbench/api/node/extensionHostProcess.js:225:2614)
	at mx.h (file:///usr/lib/code-server/lib/vscode/out/vs/workbench/api/node/extensionHostProcess.js:28:75572)
	at listOnTimeout (node:internal/timers:581:17)
	at process.processTimers (node:internal/timers:519:7) 
2025-05-22 06:17:27.288 [info] Extension host with pid 131172 exiting with code 0
