2025-05-20 20:06:25.755 [info] Extension host with pid 60309 started
2025-05-20 20:06:25.755 [error] Error: EEXIST: file already exists, open '/home/ubuntu/.local/share/code-server/User/workspaceStorage/4676be5c/vscode.lock'
2025-05-20 20:06:25.755 [info] Lock '/home/ubuntu/.local/share/code-server/User/workspaceStorage/4676be5c/vscode.lock': Could not acquire lock, checking if the file is stale.
2025-05-20 20:06:25.759 [info] Lock '/home/ubuntu/.local/share/code-server/User/workspaceStorage/4676be5c/vscode.lock': The lock does not look stale, elapsed: 341 ms, giving up.
2025-05-20 20:06:25.766 [info] Lock '/home/ubuntu/.local/share/code-server/User/workspaceStorage/4676be5c-1/vscode.lock': Lock acquired.
2025-05-20 20:06:27.297 [info] ExtensionService#_doActivateExtension vscode.emmet, startup: false, activationEvent: 'onLanguage'
2025-05-20 20:06:27.298 [info] ExtensionService#_doActivateExtension vscode.configuration-editing, startup: false, activationEvent: 'onLanguage:jsonc'
2025-05-20 20:06:27.298 [info] ExtensionService#_doActivateExtension vscode.json-language-features, startup: false, activationEvent: 'onLanguage:jsonc'
2025-05-20 20:06:27.299 [info] ExtensionService#_doActivateExtension vscode.typescript-language-features, startup: false, activationEvent: 'onLanguage:jsonc'
2025-05-20 20:06:28.300 [info] ExtensionService#_doActivateExtension vscode.git-base, startup: true, activationEvent: '*', root cause: vscode.git
2025-05-20 20:06:29.994 [info] ExtensionService#_doActivateExtension vscode.git, startup: true, activationEvent: '*'
2025-05-20 20:06:29.995 [info] ExtensionService#_doActivateExtension vscode.github, startup: true, activationEvent: '*'
2025-05-20 20:06:30.604 [info] Eager extensions activated
2025-05-20 20:06:30.605 [info] ExtensionService#_doActivateExtension vscode.debug-auto-launch, startup: false, activationEvent: 'onStartupFinished'
2025-05-20 20:06:30.605 [info] ExtensionService#_doActivateExtension vscode.merge-conflict, startup: false, activationEvent: 'onStartupFinished'
2025-05-20 20:06:32.673 [info] ExtensionService#_doActivateExtension vscode.github-authentication, startup: false, activationEvent: 'onAuthenticationRequest:github'
2025-05-20 20:38:07.490 [info] ExtensionService#_doActivateExtension vscode.extension-editing, startup: false, activationEvent: 'onLanguage:markdown'
2025-05-20 20:38:07.490 [info] ExtensionService#_doActivateExtension vscode.markdown-language-features, startup: false, activationEvent: 'onLanguage:markdown'
2025-05-20 20:38:08.400 [info] ExtensionService#_doActivateExtension vscode.markdown-math, startup: false, activationEvent: 'api', root cause: vscode.markdown-language-features
2025-05-21 05:10:19.458 [info] Extension host terminating: renderer disconnected for too long (2)
2025-05-21 05:10:19.459 [info] Lock '/home/ubuntu/.local/share/code-server/User/workspaceStorage/4676be5c-1/vscode.lock': Marking the lockfile as scheduled to be released in 6000 ms.
2025-05-21 05:10:19.505 [error] ProxyResolver#resolveProxy undefined Canceled: Canceled
	at al (file:///usr/lib/code-server/lib/vscode/out/vs/workbench/api/node/extensionHostProcess.js:7:1218)
	at file:///usr/lib/code-server/lib/vscode/out/vs/workbench/api/node/extensionHostProcess.js:29:117068
	at Array.forEach (<anonymous>)
	at f5.dispose (file:///usr/lib/code-server/lib/vscode/out/vs/workbench/api/node/extensionHostProcess.js:29:117008)
	at TJ.terminate (file:///usr/lib/code-server/lib/vscode/out/vs/workbench/api/node/extensionHostProcess.js:123:10082)
	at v2.terminate (file:///usr/lib/code-server/lib/vscode/out/vs/workbench/api/node/extensionHostProcess.js:124:1434)
	at hs (file:///usr/lib/code-server/lib/vscode/out/vs/workbench/api/node/extensionHostProcess.js:225:5703)
	at mx.a (file:///usr/lib/code-server/lib/vscode/out/vs/workbench/api/node/extensionHostProcess.js:225:2614)
	at mx.h (file:///usr/lib/code-server/lib/vscode/out/vs/workbench/api/node/extensionHostProcess.js:28:75572)
	at listOnTimeout (node:internal/timers:581:17)
	at process.processTimers (node:internal/timers:519:7) 
2025-05-21 05:10:19.580 [info] Extension host with pid 60309 exiting with code 0
