2025-05-21 07:10:11.450 [info] [main] Log level: Info
2025-05-21 07:10:11.450 [info] [main] Validating found git in: "git"
2025-05-21 07:10:11.450 [info] [main] Using git "2.34.1" from "git"
2025-05-21 07:10:11.450 [info] [Model][doInitialScan] Initial repository scan started
2025-05-21 07:10:11.450 [info] > git rev-parse --show-toplevel [2ms]
2025-05-21 07:10:11.450 [info] fatal: not a git repository (or any of the parent directories): .git
2025-05-21 07:10:11.450 [info] > git rev-parse --show-toplevel [1ms]
2025-05-21 07:10:11.450 [info] > git rev-parse --git-dir --git-common-dir [1ms]
2025-05-21 07:10:11.450 [info] [Model][openRepository] Opened repository (path): /home/ubuntu/school-system
2025-05-21 07:10:11.450 [info] [Model][openRepository] Opened repository (real path): /home/ubuntu/school-system
2025-05-21 07:10:11.451 [info] [Git][getRemotes] No remotes found in the git config file
2025-05-21 07:10:11.451 [info] > git config --get commit.template [7ms]
2025-05-21 07:10:11.451 [info] > git rev-parse --show-toplevel [4ms]
2025-05-21 07:10:11.451 [info] fatal: not a git repository (or any of the parent directories): .git
2025-05-21 07:10:11.451 [info] > git rev-parse --show-toplevel [1ms]
2025-05-21 07:10:11.451 [info] fatal: not a git repository (or any of the parent directories): .git
2025-05-21 07:10:11.451 [info] > git rev-parse --show-toplevel [1ms]
2025-05-21 07:10:11.451 [info] fatal: not a git repository (or any of the parent directories): .git
2025-05-21 07:10:11.451 [info] > git for-each-ref --format=%(refname)%00%(upstream:short)%00%(objectname)%00%(upstream:track)%00%(upstream:remotename)%00%(upstream:remoteref) refs/heads/master refs/remotes/master [12ms]
2025-05-21 07:10:11.451 [warning] [Git][getBranch] No such branch: master
2025-05-21 07:10:11.451 [info] > git status -z -uall [6ms]
2025-05-21 07:10:11.451 [info] > git rev-parse --show-toplevel [14ms]
2025-05-21 07:10:11.451 [info] fatal: not a git repository (or any of the parent directories): .git
2025-05-21 07:10:11.451 [info] > git for-each-ref --sort -committerdate --format %(refname)%00%(objectname)%00%(*objectname) [7ms]
2025-05-21 07:10:11.451 [info] > git for-each-ref --format=%(refname)%00%(upstream:short)%00%(objectname)%00%(upstream:track)%00%(upstream:remotename)%00%(upstream:remoteref) refs/heads/master refs/remotes/master [7ms]
2025-05-21 07:10:11.451 [warning] [Git][getBranch] No such branch: master
2025-05-21 07:10:11.451 [error] [GitHistoryProvider][resolveHEADMergeBase] Failed to resolve merge base for master: Error: No such branch: master.
2025-05-21 07:10:11.451 [info] > git rev-parse --show-toplevel [20ms]
2025-05-21 07:10:11.451 [info] fatal: not a git repository (or any of the parent directories): .git
2025-05-21 07:10:11.451 [info] > git config --get commit.template [4ms]
2025-05-21 07:10:11.451 [info] [Git][getRemotes] No remotes found in the git config file
2025-05-21 07:10:11.451 [info] > git rev-parse --show-toplevel [3ms]
2025-05-21 07:10:11.451 [info] > git for-each-ref --format=%(refname)%00%(upstream:short)%00%(objectname)%00%(upstream:track)%00%(upstream:remotename)%00%(upstream:remoteref) refs/heads/master refs/remotes/master [3ms]
2025-05-21 07:10:11.451 [warning] [Git][getBranch] No such branch: master
2025-05-21 07:10:11.451 [info] > git status -z -uall [5ms]
2025-05-21 07:10:11.451 [info] > git rev-parse --git-dir --git-common-dir [9ms]
2025-05-21 07:10:11.451 [info] [Model][openRepository] Opened repository (path): /home/ubuntu/.nvm
2025-05-21 07:10:11.451 [info] [Model][openRepository] Opened repository (real path): /home/ubuntu/.nvm
2025-05-21 07:10:11.451 [info] > git for-each-ref --sort -committerdate --format %(refname)%00%(objectname)%00%(*objectname) [13ms]
2025-05-21 07:10:11.451 [info] > git rev-parse --show-toplevel [5ms]
2025-05-21 07:10:11.451 [info] fatal: not a git repository (or any of the parent directories): .git
2025-05-21 07:10:11.451 [info] > git config --get commit.template [7ms]
2025-05-21 07:10:11.451 [info] > git rev-parse --show-toplevel [6ms]
2025-05-21 07:10:11.451 [info] fatal: not a git repository (or any of the parent directories): .git
2025-05-21 07:10:11.451 [info] > git for-each-ref --format %(refname)%00%(objectname)%00%(*objectname) refs/tags [2ms]
2025-05-21 07:10:11.451 [info] > git for-each-ref --sort -committerdate --format %(refname)%00%(objectname)%00%(*objectname) [4ms]
2025-05-21 07:10:11.451 [info] > git rev-parse --show-toplevel [1ms]
2025-05-21 07:10:11.451 [info] fatal: not a git repository (or any of the parent directories): .git
2025-05-21 07:10:11.451 [info] > git rev-parse --show-toplevel [1ms]
2025-05-21 07:10:11.451 [info] fatal: not a git repository (or any of the parent directories): .git
2025-05-21 07:10:11.451 [info] > git status -z -uall [18ms]
2025-05-21 07:10:11.451 [info] > git rev-parse --show-toplevel [1ms]
2025-05-21 07:10:11.451 [info] fatal: not a git repository (or any of the parent directories): .git
2025-05-21 07:10:11.451 [info] > git rev-parse --show-toplevel [8ms]
2025-05-21 07:10:11.451 [info] fatal: not a git repository (or any of the parent directories): .git
2025-05-21 07:10:11.451 [info] > git config --get commit.template [8ms]
2025-05-21 07:10:11.451 [info] > git rev-parse --show-toplevel [4ms]
2025-05-21 07:10:11.451 [info] fatal: not a git repository (or any of the parent directories): .git
2025-05-21 07:10:11.451 [info] > git for-each-ref --format %(refname)%00%(objectname)%00%(*objectname) refs/tags [4ms]
2025-05-21 07:10:11.451 [info] > git rev-parse --show-toplevel [7ms]
2025-05-21 07:10:11.451 [info] fatal: not a git repository (or any of the parent directories): .git
2025-05-21 07:10:11.451 [info] [Model][doInitialScan] Initial repository scan completed - repositories (2), closed repositories (0), parent repositories (0), unsafe repositories (0)
2025-05-21 07:10:11.451 [info] > git for-each-ref --sort -committerdate --format %(refname)%00%(objectname)%00%(*objectname) [5ms]
2025-05-21 07:10:11.451 [info] > git status -z -uall [18ms]
2025-05-21 07:10:11.945 [info] > git rev-parse --show-toplevel [2ms]
2025-05-21 07:10:12.232 [info] > git check-ignore -v -z --stdin [1ms]
2025-05-21 07:11:47.392 [info] > git check-ignore -v -z --stdin [4ms]
2025-05-21 07:11:47.392 [info] > git check-ignore -v -z --stdin [1ms]
2025-05-21 07:11:56.136 [info] > git check-ignore -v -z --stdin [1ms]
2025-05-21 07:12:00.168 [info] > git check-ignore -v -z --stdin [1ms]
2025-05-21 07:13:12.918 [info] > git check-ignore -v -z --stdin [1ms]
2025-05-21 07:13:14.913 [info] > git check-ignore -v -z --stdin [1ms]
2025-05-21 07:15:57.826 [info] > git check-ignore -v -z --stdin [1ms]
2025-05-21 07:16:03.121 [info] > git check-ignore -v -z --stdin [1ms]
2025-05-21 07:16:05.101 [info] > git check-ignore -v -z --stdin [1ms]
2025-05-21 07:16:20.053 [info] > git check-ignore -v -z --stdin [1ms]
2025-05-21 07:16:22.014 [info] > git check-ignore -v -z --stdin [1ms]
2025-05-21 07:16:24.513 [info] > git check-ignore -v -z --stdin [1ms]
2025-05-21 07:16:30.333 [info] > git check-ignore -v -z --stdin [1ms]
2025-05-21 07:21:56.430 [info] > git check-ignore -v -z --stdin [2ms]
2025-05-21 09:10:34.167 [info] [Git][getRemotes] No remotes found in the git config file
2025-05-21 09:10:34.168 [info] > git config --get commit.template [5ms]
2025-05-21 09:10:34.168 [info] > git for-each-ref --format=%(refname)%00%(upstream:short)%00%(objectname)%00%(upstream:track)%00%(upstream:remotename)%00%(upstream:remoteref) refs/heads/master refs/remotes/master [2ms]
2025-05-21 09:10:34.169 [warning] [Git][getBranch] No such branch: master
2025-05-21 09:10:34.176 [info] > git for-each-ref --sort -committerdate --format %(refname)%00%(objectname)%00%(*objectname) [1ms]
2025-05-21 09:10:34.178 [info] > git status -z -uall [6ms]
2025-05-21 09:10:36.986 [info] > git check-ignore -v -z --stdin [1ms]
2025-05-21 09:10:39.192 [info] [Git][getRemotes] No remotes found in the git config file
2025-05-21 09:10:39.197 [info] > git config --get commit.template [4ms]
2025-05-21 09:10:39.197 [info] > git for-each-ref --format=%(refname)%00%(upstream:short)%00%(objectname)%00%(upstream:track)%00%(upstream:remotename)%00%(upstream:remoteref) refs/heads/master refs/remotes/master [1ms]
2025-05-21 09:10:39.197 [warning] [Git][getBranch] No such branch: master
2025-05-21 09:10:39.206 [info] > git status -z -uall [5ms]
2025-05-21 09:10:39.208 [info] > git for-each-ref --sort -committerdate --format %(refname)%00%(objectname)%00%(*objectname) [3ms]
2025-05-21 09:10:48.685 [info] > git check-ignore -v -z --stdin [1ms]
2025-05-21 09:10:56.205 [info] > git check-ignore -v -z --stdin [1ms]
2025-05-21 09:10:57.082 [info] [Git][getRemotes] No remotes found in the git config file
2025-05-21 09:10:57.082 [info] > git config --get commit.template [4ms]
2025-05-21 09:10:57.083 [info] > git for-each-ref --format=%(refname)%00%(upstream:short)%00%(objectname)%00%(upstream:track)%00%(upstream:remotename)%00%(upstream:remoteref) refs/heads/master refs/remotes/master [1ms]
2025-05-21 09:10:57.083 [warning] [Git][getBranch] No such branch: master
2025-05-21 09:10:57.091 [info] > git status -z -uall [5ms]
2025-05-21 09:10:57.092 [info] > git for-each-ref --sort -committerdate --format %(refname)%00%(objectname)%00%(*objectname) [2ms]
2025-05-21 09:11:13.678 [info] > git check-ignore -v -z --stdin [1ms]
2025-05-21 09:11:33.596 [info] > git config --get commit.template [1ms]
2025-05-21 09:11:33.598 [info] [Git][getRemotes] No remotes found in the git config file
2025-05-21 09:11:33.599 [info] > git for-each-ref --format=%(refname)%00%(upstream:short)%00%(objectname)%00%(upstream:track)%00%(upstream:remotename)%00%(upstream:remoteref) refs/heads/master refs/remotes/master [1ms]
2025-05-21 09:11:33.599 [warning] [Git][getBranch] No such branch: master
2025-05-21 09:11:33.605 [info] > git status -z -uall [3ms]
2025-05-21 09:11:33.606 [info] > git for-each-ref --sort -committerdate --format %(refname)%00%(objectname)%00%(*objectname) [1ms]
2025-05-21 09:12:29.281 [info] [Git][getRemotes] No remotes found in the git config file
2025-05-21 09:12:29.281 [info] > git config --get commit.template [4ms]
2025-05-21 09:12:29.281 [info] > git for-each-ref --format=%(refname)%00%(upstream:short)%00%(objectname)%00%(upstream:track)%00%(upstream:remotename)%00%(upstream:remoteref) refs/heads/master refs/remotes/master [1ms]
2025-05-21 09:12:29.281 [warning] [Git][getBranch] No such branch: master
2025-05-21 09:12:29.287 [info] > git status -z -uall [3ms]
2025-05-21 09:12:29.288 [info] > git for-each-ref --sort -committerdate --format %(refname)%00%(objectname)%00%(*objectname) [1ms]
2025-05-21 09:12:40.465 [info] > git check-ignore -v -z --stdin [1ms]
2025-05-21 09:13:08.306 [info] > git check-ignore -v -z --stdin [1ms]
2025-05-21 09:13:35.488 [info] > git check-ignore -v -z --stdin [1ms]
